21:17:41.289 [main] INFO  com.intuit.karate.Runner - using system property 'karate.options': --tags @ID-505
21:17:41.460 [main] INFO  com.intuit.karate.Runner - using system property 'karate.env': dev
21:17:42.681 [main] DEBUG com.intuit.karate.Suite - [config] classpath:karate-config.js
21:17:42.699 [main] DEBUG com.intuit.karate.Suite - waiting for 4 features to complete
21:17:44.279 [pool-2-thread-1] INFO  com.intuit.karate - karate.env entorno de anbiente es : dev 
21:17:44.326 [pool-2-thread-1] INFO  com.intuit.karate - urlBase is: https://petstore.swagger.io/v2 
21:17:44.818 [pool-2-thread-1] DEBUG com.intuit.karate - request:
1 > POST https://petstore.swagger.io/v2/pet
1 > Content-Type: text/plain; charset=UTF-8
1 > Content-Length: 45
1 > Host: petstore.swagger.io
1 > Connection: Keep-Alive
1 > User-Agent: Apache-HttpClient/4.5.14 (Java/17.0.12)
1 > Accept-Encoding: gzip,deflate
{"values":"PetInvalid","values":"PetInvalid"}

21:17:45.697 [pool-2-thread-1] DEBUG com.intuit.karate - response time in milliseconds: 862
1 < 415
1 < Date: Sun, 13 Apr 2025 02:17:46 GMT
1 < Content-Type: application/xml
1 < Content-Length: 102
1 < Connection: keep-alive
1 < Access-Control-Allow-Origin: *
1 < Access-Control-Allow-Methods: GET, POST, DELETE, PUT
1 < Access-Control-Allow-Headers: Content-Type, api_key, Authorization
1 < Server: Jetty(9.2.9.v20150224)
<?xml version="1.0" encoding="UTF-8" standalone="yes"?><apiResponse><type>unknown</type></apiResponse>

21:17:45.709 [pool-2-thread-1] INFO  com.intuit.karate - El código de estado es: 415 
21:17:45.714 [pool-2-thread-1] INFO  com.intuit.karate - codigo: 415 
21:17:45.715 [pool-2-thread-1] INFO  com.intuit.karate - codEspected: 400 
21:17:45.715 [pool-2-thread-1] INFO  com.intuit.karate - Message: deseo evaluar si no es 400,devolverme 400 
21:17:45.716 [pool-2-thread-1] INFO  com.intuit.karate - El codigo no coincide, retornando el deseado 
21:17:45.760 [pool-2-thread-1] ERROR com.intuit.karate - classpath:TestApiPets/BDD/Features/PET/Components/POST/POST-Crear-Mascota.feature:47
* karate.set(responseStatus,res)
js failed:
>>>>
01: karate.set(responseStatus,res)
<<<<
org.graalvm.polyglot.PolyglotException: TypeError: invokeMember (set) on com.intuit.karate.core.ScenarioBridge failed due to: no applicable overload found (overloads: [Method[public void com.intuit.karate.core.ScenarioBridge.set(java.lang.String,java.lang.String,java.lang.Object)], Method[public void com.intuit.karate.core.ScenarioBridge.set(java.util.Map)], Method[public void com.intuit.karate.core.ScenarioBridge.set(java.lang.String,org.graalvm.polyglot.Value)]], arguments: [415 (Integer), com.oracle.truffle.host.HostProxy@4c8ac2aa (HostProxy)])
- <js>.:program(Unnamed:1)

classpath:TestApiPets/BDD/Features/PET/Components/POST/POST-Crear-Mascota.feature:47
21:17:46.683 [pool-3-thread-1] INFO  com.intuit.karate.Suite - <<fail>> feature 3 of 4 (1 remaining) classpath:TestApiPets/BDD/Features/PET/Components/POST/POST-Crear-Mascota.feature
